<?xml version="1.0" encoding="UTF-8"?>
<testsuite xmlns:xsi="http://www.w3.org/2001/XMLSchema-instance" xsi:noNamespaceSchemaLocation="https://maven.apache.org/surefire/maven-surefire-plugin/xsd/surefire-test-report-3.0.xsd" version="3.0" name="com.nexus.file.util.CDNUtilTest" time="0.563" tests="8" errors="0" skipped="0" failures="0">
  <properties>
    <property name="java.specification.version" value="21"/>
    <property name="sun.jnu.encoding" value="UTF-8"/>
    <property name="java.class.path" value="/Users/wukui/IdeaProjects/AIArchitect001/nexus/file-service/target/test-classes:/Users/wukui/IdeaProjects/AIArchitect001/nexus/file-service/target/classes:/Users/wukui/.m2/repository/org/springframework/boot/spring-boot-starter-web/2.7.17/spring-boot-starter-web-2.7.17.jar:/Users/wukui/.m2/repository/org/springframework/boot/spring-boot-starter/2.7.17/spring-boot-starter-2.7.17.jar:/Users/wukui/.m2/repository/org/springframework/boot/spring-boot/2.7.17/spring-boot-2.7.17.jar:/Users/wukui/.m2/repository/org/springframework/boot/spring-boot-autoconfigure/2.7.17/spring-boot-autoconfigure-2.7.17.jar:/Users/wukui/.m2/repository/org/springframework/boot/spring-boot-starter-logging/2.7.17/spring-boot-starter-logging-2.7.17.jar:/Users/wukui/.m2/repository/ch/qos/logback/logback-classic/1.2.12/logback-classic-1.2.12.jar:/Users/wukui/.m2/repository/ch/qos/logback/logback-core/1.2.12/logback-core-1.2.12.jar:/Users/wukui/.m2/repository/org/apache/logging/log4j/log4j-to-slf4j/2.17.2/log4j-to-slf4j-2.17.2.jar:/Users/wukui/.m2/repository/org/apache/logging/log4j/log4j-api/2.17.2/log4j-api-2.17.2.jar:/Users/wukui/.m2/repository/org/slf4j/jul-to-slf4j/1.7.36/jul-to-slf4j-1.7.36.jar:/Users/wukui/.m2/repository/jakarta/annotation/jakarta.annotation-api/1.3.5/jakarta.annotation-api-1.3.5.jar:/Users/wukui/.m2/repository/org/yaml/snakeyaml/1.30/snakeyaml-1.30.jar:/Users/wukui/.m2/repository/org/springframework/boot/spring-boot-starter-json/2.7.17/spring-boot-starter-json-2.7.17.jar:/Users/wukui/.m2/repository/com/fasterxml/jackson/datatype/jackson-datatype-jdk8/2.13.5/jackson-datatype-jdk8-2.13.5.jar:/Users/wukui/.m2/repository/com/fasterxml/jackson/datatype/jackson-datatype-jsr310/2.13.5/jackson-datatype-jsr310-2.13.5.jar:/Users/wukui/.m2/repository/com/fasterxml/jackson/module/jackson-module-parameter-names/2.13.5/jackson-module-parameter-names-2.13.5.jar:/Users/wukui/.m2/repository/org/springframework/boot/spring-boot-starter-tomcat/2.7.17/spring-boot-starter-tomcat-2.7.17.jar:/Users/wukui/.m2/repository/org/apache/tomcat/embed/tomcat-embed-core/9.0.82/tomcat-embed-core-9.0.82.jar:/Users/wukui/.m2/repository/org/apache/tomcat/embed/tomcat-embed-el/9.0.82/tomcat-embed-el-9.0.82.jar:/Users/wukui/.m2/repository/org/apache/tomcat/embed/tomcat-embed-websocket/9.0.82/tomcat-embed-websocket-9.0.82.jar:/Users/wukui/.m2/repository/org/springframework/spring-web/5.3.30/spring-web-5.3.30.jar:/Users/wukui/.m2/repository/org/springframework/spring-beans/5.3.30/spring-beans-5.3.30.jar:/Users/wukui/.m2/repository/org/springframework/spring-webmvc/5.3.30/spring-webmvc-5.3.30.jar:/Users/wukui/.m2/repository/org/springframework/spring-aop/5.3.30/spring-aop-5.3.30.jar:/Users/wukui/.m2/repository/org/springframework/spring-context/5.3.30/spring-context-5.3.30.jar:/Users/wukui/.m2/repository/org/springframework/spring-expression/5.3.30/spring-expression-5.3.30.jar:/Users/wukui/.m2/repository/org/springframework/cloud/spring-cloud-starter-netflix-eureka-client/3.1.7/spring-cloud-starter-netflix-eureka-client-3.1.7.jar:/Users/wukui/.m2/repository/org/springframework/cloud/spring-cloud-starter/3.1.7/spring-cloud-starter-3.1.7.jar:/Users/wukui/.m2/repository/org/springframework/cloud/spring-cloud-context/3.1.7/spring-cloud-context-3.1.7.jar:/Users/wukui/.m2/repository/org/springframework/security/spring-security-crypto/5.7.11/spring-security-crypto-5.7.11.jar:/Users/wukui/.m2/repository/org/springframework/cloud/spring-cloud-commons/3.1.7/spring-cloud-commons-3.1.7.jar:/Users/wukui/.m2/repository/org/springframework/security/spring-security-rsa/1.0.11.RELEASE/spring-security-rsa-1.0.11.RELEASE.jar:/Users/wukui/.m2/repository/org/bouncycastle/bcpkix-jdk15on/1.69/bcpkix-jdk15on-1.69.jar:/Users/wukui/.m2/repository/org/bouncycastle/bcprov-jdk15on/1.69/bcprov-jdk15on-1.69.jar:/Users/wukui/.m2/repository/org/bouncycastle/bcutil-jdk15on/1.69/bcutil-jdk15on-1.69.jar:/Users/wukui/.m2/repository/org/springframework/cloud/spring-cloud-netflix-eureka-client/3.1.7/spring-cloud-netflix-eureka-client-3.1.7.jar:/Users/wukui/.m2/repository/com/netflix/eureka/eureka-client/1.10.17/eureka-client-1.10.17.jar:/Users/wukui/.m2/repository/com/netflix/netflix-commons/netflix-eventbus/0.3.0/netflix-eventbus-0.3.0.jar:/Users/wukui/.m2/repository/com/netflix/netflix-commons/netflix-infix/0.3.0/netflix-infix-0.3.0.jar:/Users/wukui/.m2/repository/commons-jxpath/commons-jxpath/1.3/commons-jxpath-1.3.jar:/Users/wukui/.m2/repository/joda-time/joda-time/2.3/joda-time-2.3.jar:/Users/wukui/.m2/repository/org/antlr/antlr-runtime/3.4/antlr-runtime-3.4.jar:/Users/wukui/.m2/repository/org/antlr/stringtemplate/3.2.1/stringtemplate-3.2.1.jar:/Users/wukui/.m2/repository/antlr/antlr/2.7.7/antlr-2.7.7.jar:/Users/wukui/.m2/repository/com/google/code/gson/gson/2.9.1/gson-2.9.1.jar:/Users/wukui/.m2/repository/org/apache/commons/commons-math/2.2/commons-math-2.2.jar:/Users/wukui/.m2/repository/com/thoughtworks/xstream/xstream/1.4.18/xstream-1.4.18.jar:/Users/wukui/.m2/repository/io/github/x-stream/mxparser/1.2.2/mxparser-1.2.2.jar:/Users/wukui/.m2/repository/xmlpull/xmlpull/1.1.3.1/xmlpull-1.1.3.1.jar:/Users/wukui/.m2/repository/javax/ws/rs/jsr311-api/1.1.1/jsr311-api-1.1.1.jar:/Users/wukui/.m2/repository/com/netflix/servo/servo-core/0.12.21/servo-core-0.12.21.jar:/Users/wukui/.m2/repository/org/apache/httpcomponents/httpclient/4.5.14/httpclient-4.5.14.jar:/Users/wukui/.m2/repository/org/apache/httpcomponents/httpcore/4.4.16/httpcore-4.4.16.jar:/Users/wukui/.m2/repository/commons-configuration/commons-configuration/1.10/commons-configuration-1.10.jar:/Users/wukui/.m2/repository/commons-lang/commons-lang/2.6/commons-lang-2.6.jar:/Users/wukui/.m2/repository/com/google/inject/guice/4.1.0/guice-4.1.0.jar:/Users/wukui/.m2/repository/javax/inject/javax.inject/1/javax.inject-1.jar:/Users/wukui/.m2/repository/org/codehaus/jettison/jettison/1.4.0/jettison-1.4.0.jar:/Users/wukui/.m2/repository/com/netflix/eureka/eureka-core/1.10.17/eureka-core-1.10.17.jar:/Users/wukui/.m2/repository/com/fasterxml/woodstox/woodstox-core/6.2.1/woodstox-core-6.2.1.jar:/Users/wukui/.m2/repository/org/codehaus/woodstox/stax2-api/4.2.1/stax2-api-4.2.1.jar:/Users/wukui/.m2/repository/org/springframework/cloud/spring-cloud-starter-loadbalancer/3.1.7/spring-cloud-starter-loadbalancer-3.1.7.jar:/Users/wukui/.m2/repository/org/springframework/cloud/spring-cloud-loadbalancer/3.1.7/spring-cloud-loadbalancer-3.1.7.jar:/Users/wukui/.m2/repository/io/projectreactor/reactor-core/3.4.33/reactor-core-3.4.33.jar:/Users/wukui/.m2/repository/org/reactivestreams/reactive-streams/1.0.4/reactive-streams-1.0.4.jar:/Users/wukui/.m2/repository/io/projectreactor/addons/reactor-extra/3.4.10/reactor-extra-3.4.10.jar:/Users/wukui/.m2/repository/org/springframework/boot/spring-boot-starter-cache/2.7.17/spring-boot-starter-cache-2.7.17.jar:/Users/wukui/.m2/repository/org/springframework/spring-context-support/5.3.30/spring-context-support-5.3.30.jar:/Users/wukui/.m2/repository/com/stoyanr/evictor/1.0.0/evictor-1.0.0.jar:/Users/wukui/.m2/repository/org/springframework/boot/spring-boot-starter-actuator/2.7.17/spring-boot-starter-actuator-2.7.17.jar:/Users/wukui/.m2/repository/org/springframework/boot/spring-boot-actuator-autoconfigure/2.7.17/spring-boot-actuator-autoconfigure-2.7.17.jar:/Users/wukui/.m2/repository/org/springframework/boot/spring-boot-actuator/2.7.17/spring-boot-actuator-2.7.17.jar:/Users/wukui/.m2/repository/io/micrometer/micrometer-core/1.9.16/micrometer-core-1.9.16.jar:/Users/wukui/.m2/repository/org/hdrhistogram/HdrHistogram/2.1.12/HdrHistogram-2.1.12.jar:/Users/wukui/.m2/repository/org/latencyutils/LatencyUtils/2.0.3/LatencyUtils-2.0.3.jar:/Users/wukui/.m2/repository/io/minio/minio/8.5.9/minio-8.5.9.jar:/Users/wukui/.m2/repository/com/carrotsearch/thirdparty/simple-xml-safe/2.7.1/simple-xml-safe-2.7.1.jar:/Users/wukui/.m2/repository/com/google/guava/guava/33.0.0-jre/guava-33.0.0-jre.jar:/Users/wukui/.m2/repository/com/google/guava/failureaccess/1.0.2/failureaccess-1.0.2.jar:/Users/wukui/.m2/repository/com/google/guava/listenablefuture/9999.0-empty-to-avoid-conflict-with-guava/listenablefuture-9999.0-empty-to-avoid-conflict-with-guava.jar:/Users/wukui/.m2/repository/com/google/code/findbugs/jsr305/3.0.2/jsr305-3.0.2.jar:/Users/wukui/.m2/repository/org/checkerframework/checker-qual/3.41.0/checker-qual-3.41.0.jar:/Users/wukui/.m2/repository/com/google/errorprone/error_prone_annotations/2.23.0/error_prone_annotations-2.23.0.jar:/Users/wukui/.m2/repository/com/google/j2objc/j2objc-annotations/2.8/j2objc-annotations-2.8.jar:/Users/wukui/.m2/repository/com/squareup/okhttp3/okhttp/4.9.3/okhttp-4.9.3.jar:/Users/wukui/.m2/repository/com/squareup/okio/okio/2.8.0/okio-2.8.0.jar:/Users/wukui/.m2/repository/org/jetbrains/kotlin/kotlin-stdlib-common/1.6.21/kotlin-stdlib-common-1.6.21.jar:/Users/wukui/.m2/repository/org/jetbrains/kotlin/kotlin-stdlib/1.6.21/kotlin-stdlib-1.6.21.jar:/Users/wukui/.m2/repository/org/jetbrains/annotations/13.0/annotations-13.0.jar:/Users/wukui/.m2/repository/com/fasterxml/jackson/core/jackson-annotations/2.13.5/jackson-annotations-2.13.5.jar:/Users/wukui/.m2/repository/com/fasterxml/jackson/core/jackson-core/2.13.5/jackson-core-2.13.5.jar:/Users/wukui/.m2/repository/com/fasterxml/jackson/core/jackson-databind/2.13.5/jackson-databind-2.13.5.jar:/Users/wukui/.m2/repository/org/bouncycastle/bcprov-jdk18on/1.77/bcprov-jdk18on-1.77.jar:/Users/wukui/.m2/repository/org/apache/commons/commons-compress/1.26.0/commons-compress-1.26.0.jar:/Users/wukui/.m2/repository/commons-io/commons-io/2.15.1/commons-io-2.15.1.jar:/Users/wukui/.m2/repository/org/apache/commons/commons-lang3/3.12.0/commons-lang3-3.12.0.jar:/Users/wukui/.m2/repository/commons-codec/commons-codec/1.15/commons-codec-1.15.jar:/Users/wukui/.m2/repository/org/xerial/snappy/snappy-java/1.1.10.5/snappy-java-1.1.10.5.jar:/Users/wukui/.m2/repository/net/logstash/logback/logstash-logback-encoder/7.2/logstash-logback-encoder-7.2.jar:/Users/wukui/.m2/repository/io/micrometer/micrometer-registry-prometheus/1.9.16/micrometer-registry-prometheus-1.9.16.jar:/Users/wukui/.m2/repository/io/prometheus/simpleclient_common/0.15.0/simpleclient_common-0.15.0.jar:/Users/wukui/.m2/repository/io/prometheus/simpleclient/0.15.0/simpleclient-0.15.0.jar:/Users/wukui/.m2/repository/io/prometheus/simpleclient_tracer_otel/0.15.0/simpleclient_tracer_otel-0.15.0.jar:/Users/wukui/.m2/repository/io/prometheus/simpleclient_tracer_common/0.15.0/simpleclient_tracer_common-0.15.0.jar:/Users/wukui/.m2/repository/io/prometheus/simpleclient_tracer_otel_agent/0.15.0/simpleclient_tracer_otel_agent-0.15.0.jar:/Users/wukui/.m2/repository/org/springframework/boot/spring-boot-starter-test/2.7.17/spring-boot-starter-test-2.7.17.jar:/Users/wukui/.m2/repository/org/springframework/boot/spring-boot-test/2.7.17/spring-boot-test-2.7.17.jar:/Users/wukui/.m2/repository/org/springframework/boot/spring-boot-test-autoconfigure/2.7.17/spring-boot-test-autoconfigure-2.7.17.jar:/Users/wukui/.m2/repository/com/jayway/jsonpath/json-path/2.7.0/json-path-2.7.0.jar:/Users/wukui/.m2/repository/net/minidev/json-smart/2.4.11/json-smart-2.4.11.jar:/Users/wukui/.m2/repository/net/minidev/accessors-smart/2.4.11/accessors-smart-2.4.11.jar:/Users/wukui/.m2/repository/org/ow2/asm/asm/9.3/asm-9.3.jar:/Users/wukui/.m2/repository/org/slf4j/slf4j-api/1.7.36/slf4j-api-1.7.36.jar:/Users/wukui/.m2/repository/jakarta/xml/bind/jakarta.xml.bind-api/2.3.3/jakarta.xml.bind-api-2.3.3.jar:/Users/wukui/.m2/repository/jakarta/activation/jakarta.activation-api/1.2.2/jakarta.activation-api-1.2.2.jar:/Users/wukui/.m2/repository/org/assertj/assertj-core/3.22.0/assertj-core-3.22.0.jar:/Users/wukui/.m2/repository/org/hamcrest/hamcrest/2.2/hamcrest-2.2.jar:/Users/wukui/.m2/repository/org/mockito/mockito-junit-jupiter/4.5.1/mockito-junit-jupiter-4.5.1.jar:/Users/wukui/.m2/repository/org/skyscreamer/jsonassert/1.5.1/jsonassert-1.5.1.jar:/Users/wukui/.m2/repository/com/vaadin/external/google/android-json/0.0.20131108.vaadin1/android-json-0.0.20131108.vaadin1.jar:/Users/wukui/.m2/repository/org/springframework/spring-core/5.3.30/spring-core-5.3.30.jar:/Users/wukui/.m2/repository/org/springframework/spring-jcl/5.3.30/spring-jcl-5.3.30.jar:/Users/wukui/.m2/repository/org/springframework/spring-test/5.3.30/spring-test-5.3.30.jar:/Users/wukui/.m2/repository/org/xmlunit/xmlunit-core/2.9.1/xmlunit-core-2.9.1.jar:/Users/wukui/.m2/repository/org/junit/jupiter/junit-jupiter/5.8.2/junit-jupiter-5.8.2.jar:/Users/wukui/.m2/repository/org/junit/jupiter/junit-jupiter-api/5.8.2/junit-jupiter-api-5.8.2.jar:/Users/wukui/.m2/repository/org/opentest4j/opentest4j/1.2.0/opentest4j-1.2.0.jar:/Users/wukui/.m2/repository/org/junit/platform/junit-platform-commons/1.8.2/junit-platform-commons-1.8.2.jar:/Users/wukui/.m2/repository/org/apiguardian/apiguardian-api/1.1.2/apiguardian-api-1.1.2.jar:/Users/wukui/.m2/repository/org/junit/jupiter/junit-jupiter-params/5.8.2/junit-jupiter-params-5.8.2.jar:/Users/wukui/.m2/repository/org/junit/jupiter/junit-jupiter-engine/5.8.2/junit-jupiter-engine-5.8.2.jar:/Users/wukui/.m2/repository/org/junit/platform/junit-platform-engine/1.8.2/junit-platform-engine-1.8.2.jar:/Users/wukui/.m2/repository/org/mockito/mockito-core/4.5.1/mockito-core-4.5.1.jar:/Users/wukui/.m2/repository/net/bytebuddy/byte-buddy/1.12.23/byte-buddy-1.12.23.jar:/Users/wukui/.m2/repository/net/bytebuddy/byte-buddy-agent/1.12.23/byte-buddy-agent-1.12.23.jar:/Users/wukui/.m2/repository/org/objenesis/objenesis/3.2/objenesis-3.2.jar:"/>
    <property name="java.vm.vendor" value="Oracle Corporation"/>
    <property name="sun.arch.data.model" value="64"/>
    <property name="java.vendor.url" value="https://java.oracle.com/"/>
    <property name="user.timezone" value="Asia/Shanghai"/>
    <property name="os.name" value="Mac OS X"/>
    <property name="java.vm.specification.version" value="21"/>
    <property name="user.country" value="CN"/>
    <property name="sun.java.launcher" value="SUN_STANDARD"/>
    <property name="sun.boot.library.path" value="/Library/Java/JavaVirtualMachines/jdk-21.jdk/Contents/Home/lib"/>
    <property name="sun.java.command" value="/Users/wukui/IdeaProjects/AIArchitect001/nexus/file-service/target/surefire/surefirebooter-20251024110547099_7.jar /Users/wukui/IdeaProjects/AIArchitect001/nexus/file-service/target/surefire 2025-10-24T11-05-43_216-jvmRun1 surefire-20251024110547099_5tmp surefire_1-20251024110547099_6tmp"/>
    <property name="http.nonProxyHosts" value="local|*.local|169.254/16|*.169.254/16"/>
    <property name="jdk.debug" value="release"/>
    <property name="surefire.test.class.path" value="/Users/wukui/IdeaProjects/AIArchitect001/nexus/file-service/target/test-classes:/Users/wukui/IdeaProjects/AIArchitect001/nexus/file-service/target/classes:/Users/wukui/.m2/repository/org/springframework/boot/spring-boot-starter-web/2.7.17/spring-boot-starter-web-2.7.17.jar:/Users/wukui/.m2/repository/org/springframework/boot/spring-boot-starter/2.7.17/spring-boot-starter-2.7.17.jar:/Users/wukui/.m2/repository/org/springframework/boot/spring-boot/2.7.17/spring-boot-2.7.17.jar:/Users/wukui/.m2/repository/org/springframework/boot/spring-boot-autoconfigure/2.7.17/spring-boot-autoconfigure-2.7.17.jar:/Users/wukui/.m2/repository/org/springframework/boot/spring-boot-starter-logging/2.7.17/spring-boot-starter-logging-2.7.17.jar:/Users/wukui/.m2/repository/ch/qos/logback/logback-classic/1.2.12/logback-classic-1.2.12.jar:/Users/wukui/.m2/repository/ch/qos/logback/logback-core/1.2.12/logback-core-1.2.12.jar:/Users/wukui/.m2/repository/org/apache/logging/log4j/log4j-to-slf4j/2.17.2/log4j-to-slf4j-2.17.2.jar:/Users/wukui/.m2/repository/org/apache/logging/log4j/log4j-api/2.17.2/log4j-api-2.17.2.jar:/Users/wukui/.m2/repository/org/slf4j/jul-to-slf4j/1.7.36/jul-to-slf4j-1.7.36.jar:/Users/wukui/.m2/repository/jakarta/annotation/jakarta.annotation-api/1.3.5/jakarta.annotation-api-1.3.5.jar:/Users/wukui/.m2/repository/org/yaml/snakeyaml/1.30/snakeyaml-1.30.jar:/Users/wukui/.m2/repository/org/springframework/boot/spring-boot-starter-json/2.7.17/spring-boot-starter-json-2.7.17.jar:/Users/wukui/.m2/repository/com/fasterxml/jackson/datatype/jackson-datatype-jdk8/2.13.5/jackson-datatype-jdk8-2.13.5.jar:/Users/wukui/.m2/repository/com/fasterxml/jackson/datatype/jackson-datatype-jsr310/2.13.5/jackson-datatype-jsr310-2.13.5.jar:/Users/wukui/.m2/repository/com/fasterxml/jackson/module/jackson-module-parameter-names/2.13.5/jackson-module-parameter-names-2.13.5.jar:/Users/wukui/.m2/repository/org/springframework/boot/spring-boot-starter-tomcat/2.7.17/spring-boot-starter-tomcat-2.7.17.jar:/Users/wukui/.m2/repository/org/apache/tomcat/embed/tomcat-embed-core/9.0.82/tomcat-embed-core-9.0.82.jar:/Users/wukui/.m2/repository/org/apache/tomcat/embed/tomcat-embed-el/9.0.82/tomcat-embed-el-9.0.82.jar:/Users/wukui/.m2/repository/org/apache/tomcat/embed/tomcat-embed-websocket/9.0.82/tomcat-embed-websocket-9.0.82.jar:/Users/wukui/.m2/repository/org/springframework/spring-web/5.3.30/spring-web-5.3.30.jar:/Users/wukui/.m2/repository/org/springframework/spring-beans/5.3.30/spring-beans-5.3.30.jar:/Users/wukui/.m2/repository/org/springframework/spring-webmvc/5.3.30/spring-webmvc-5.3.30.jar:/Users/wukui/.m2/repository/org/springframework/spring-aop/5.3.30/spring-aop-5.3.30.jar:/Users/wukui/.m2/repository/org/springframework/spring-context/5.3.30/spring-context-5.3.30.jar:/Users/wukui/.m2/repository/org/springframework/spring-expression/5.3.30/spring-expression-5.3.30.jar:/Users/wukui/.m2/repository/org/springframework/cloud/spring-cloud-starter-netflix-eureka-client/3.1.7/spring-cloud-starter-netflix-eureka-client-3.1.7.jar:/Users/wukui/.m2/repository/org/springframework/cloud/spring-cloud-starter/3.1.7/spring-cloud-starter-3.1.7.jar:/Users/wukui/.m2/repository/org/springframework/cloud/spring-cloud-context/3.1.7/spring-cloud-context-3.1.7.jar:/Users/wukui/.m2/repository/org/springframework/security/spring-security-crypto/5.7.11/spring-security-crypto-5.7.11.jar:/Users/wukui/.m2/repository/org/springframework/cloud/spring-cloud-commons/3.1.7/spring-cloud-commons-3.1.7.jar:/Users/wukui/.m2/repository/org/springframework/security/spring-security-rsa/1.0.11.RELEASE/spring-security-rsa-1.0.11.RELEASE.jar:/Users/wukui/.m2/repository/org/bouncycastle/bcpkix-jdk15on/1.69/bcpkix-jdk15on-1.69.jar:/Users/wukui/.m2/repository/org/bouncycastle/bcprov-jdk15on/1.69/bcprov-jdk15on-1.69.jar:/Users/wukui/.m2/repository/org/bouncycastle/bcutil-jdk15on/1.69/bcutil-jdk15on-1.69.jar:/Users/wukui/.m2/repository/org/springframework/cloud/spring-cloud-netflix-eureka-client/3.1.7/spring-cloud-netflix-eureka-client-3.1.7.jar:/Users/wukui/.m2/repository/com/netflix/eureka/eureka-client/1.10.17/eureka-client-1.10.17.jar:/Users/wukui/.m2/repository/com/netflix/netflix-commons/netflix-eventbus/0.3.0/netflix-eventbus-0.3.0.jar:/Users/wukui/.m2/repository/com/netflix/netflix-commons/netflix-infix/0.3.0/netflix-infix-0.3.0.jar:/Users/wukui/.m2/repository/commons-jxpath/commons-jxpath/1.3/commons-jxpath-1.3.jar:/Users/wukui/.m2/repository/joda-time/joda-time/2.3/joda-time-2.3.jar:/Users/wukui/.m2/repository/org/antlr/antlr-runtime/3.4/antlr-runtime-3.4.jar:/Users/wukui/.m2/repository/org/antlr/stringtemplate/3.2.1/stringtemplate-3.2.1.jar:/Users/wukui/.m2/repository/antlr/antlr/2.7.7/antlr-2.7.7.jar:/Users/wukui/.m2/repository/com/google/code/gson/gson/2.9.1/gson-2.9.1.jar:/Users/wukui/.m2/repository/org/apache/commons/commons-math/2.2/commons-math-2.2.jar:/Users/wukui/.m2/repository/com/thoughtworks/xstream/xstream/1.4.18/xstream-1.4.18.jar:/Users/wukui/.m2/repository/io/github/x-stream/mxparser/1.2.2/mxparser-1.2.2.jar:/Users/wukui/.m2/repository/xmlpull/xmlpull/1.1.3.1/xmlpull-1.1.3.1.jar:/Users/wukui/.m2/repository/javax/ws/rs/jsr311-api/1.1.1/jsr311-api-1.1.1.jar:/Users/wukui/.m2/repository/com/netflix/servo/servo-core/0.12.21/servo-core-0.12.21.jar:/Users/wukui/.m2/repository/org/apache/httpcomponents/httpclient/4.5.14/httpclient-4.5.14.jar:/Users/wukui/.m2/repository/org/apache/httpcomponents/httpcore/4.4.16/httpcore-4.4.16.jar:/Users/wukui/.m2/repository/commons-configuration/commons-configuration/1.10/commons-configuration-1.10.jar:/Users/wukui/.m2/repository/commons-lang/commons-lang/2.6/commons-lang-2.6.jar:/Users/wukui/.m2/repository/com/google/inject/guice/4.1.0/guice-4.1.0.jar:/Users/wukui/.m2/repository/javax/inject/javax.inject/1/javax.inject-1.jar:/Users/wukui/.m2/repository/org/codehaus/jettison/jettison/1.4.0/jettison-1.4.0.jar:/Users/wukui/.m2/repository/com/netflix/eureka/eureka-core/1.10.17/eureka-core-1.10.17.jar:/Users/wukui/.m2/repository/com/fasterxml/woodstox/woodstox-core/6.2.1/woodstox-core-6.2.1.jar:/Users/wukui/.m2/repository/org/codehaus/woodstox/stax2-api/4.2.1/stax2-api-4.2.1.jar:/Users/wukui/.m2/repository/org/springframework/cloud/spring-cloud-starter-loadbalancer/3.1.7/spring-cloud-starter-loadbalancer-3.1.7.jar:/Users/wukui/.m2/repository/org/springframework/cloud/spring-cloud-loadbalancer/3.1.7/spring-cloud-loadbalancer-3.1.7.jar:/Users/wukui/.m2/repository/io/projectreactor/reactor-core/3.4.33/reactor-core-3.4.33.jar:/Users/wukui/.m2/repository/org/reactivestreams/reactive-streams/1.0.4/reactive-streams-1.0.4.jar:/Users/wukui/.m2/repository/io/projectreactor/addons/reactor-extra/3.4.10/reactor-extra-3.4.10.jar:/Users/wukui/.m2/repository/org/springframework/boot/spring-boot-starter-cache/2.7.17/spring-boot-starter-cache-2.7.17.jar:/Users/wukui/.m2/repository/org/springframework/spring-context-support/5.3.30/spring-context-support-5.3.30.jar:/Users/wukui/.m2/repository/com/stoyanr/evictor/1.0.0/evictor-1.0.0.jar:/Users/wukui/.m2/repository/org/springframework/boot/spring-boot-starter-actuator/2.7.17/spring-boot-starter-actuator-2.7.17.jar:/Users/wukui/.m2/repository/org/springframework/boot/spring-boot-actuator-autoconfigure/2.7.17/spring-boot-actuator-autoconfigure-2.7.17.jar:/Users/wukui/.m2/repository/org/springframework/boot/spring-boot-actuator/2.7.17/spring-boot-actuator-2.7.17.jar:/Users/wukui/.m2/repository/io/micrometer/micrometer-core/1.9.16/micrometer-core-1.9.16.jar:/Users/wukui/.m2/repository/org/hdrhistogram/HdrHistogram/2.1.12/HdrHistogram-2.1.12.jar:/Users/wukui/.m2/repository/org/latencyutils/LatencyUtils/2.0.3/LatencyUtils-2.0.3.jar:/Users/wukui/.m2/repository/io/minio/minio/8.5.9/minio-8.5.9.jar:/Users/wukui/.m2/repository/com/carrotsearch/thirdparty/simple-xml-safe/2.7.1/simple-xml-safe-2.7.1.jar:/Users/wukui/.m2/repository/com/google/guava/guava/33.0.0-jre/guava-33.0.0-jre.jar:/Users/wukui/.m2/repository/com/google/guava/failureaccess/1.0.2/failureaccess-1.0.2.jar:/Users/wukui/.m2/repository/com/google/guava/listenablefuture/9999.0-empty-to-avoid-conflict-with-guava/listenablefuture-9999.0-empty-to-avoid-conflict-with-guava.jar:/Users/wukui/.m2/repository/com/google/code/findbugs/jsr305/3.0.2/jsr305-3.0.2.jar:/Users/wukui/.m2/repository/org/checkerframework/checker-qual/3.41.0/checker-qual-3.41.0.jar:/Users/wukui/.m2/repository/com/google/errorprone/error_prone_annotations/2.23.0/error_prone_annotations-2.23.0.jar:/Users/wukui/.m2/repository/com/google/j2objc/j2objc-annotations/2.8/j2objc-annotations-2.8.jar:/Users/wukui/.m2/repository/com/squareup/okhttp3/okhttp/4.9.3/okhttp-4.9.3.jar:/Users/wukui/.m2/repository/com/squareup/okio/okio/2.8.0/okio-2.8.0.jar:/Users/wukui/.m2/repository/org/jetbrains/kotlin/kotlin-stdlib-common/1.6.21/kotlin-stdlib-common-1.6.21.jar:/Users/wukui/.m2/repository/org/jetbrains/kotlin/kotlin-stdlib/1.6.21/kotlin-stdlib-1.6.21.jar:/Users/wukui/.m2/repository/org/jetbrains/annotations/13.0/annotations-13.0.jar:/Users/wukui/.m2/repository/com/fasterxml/jackson/core/jackson-annotations/2.13.5/jackson-annotations-2.13.5.jar:/Users/wukui/.m2/repository/com/fasterxml/jackson/core/jackson-core/2.13.5/jackson-core-2.13.5.jar:/Users/wukui/.m2/repository/com/fasterxml/jackson/core/jackson-databind/2.13.5/jackson-databind-2.13.5.jar:/Users/wukui/.m2/repository/org/bouncycastle/bcprov-jdk18on/1.77/bcprov-jdk18on-1.77.jar:/Users/wukui/.m2/repository/org/apache/commons/commons-compress/1.26.0/commons-compress-1.26.0.jar:/Users/wukui/.m2/repository/commons-io/commons-io/2.15.1/commons-io-2.15.1.jar:/Users/wukui/.m2/repository/org/apache/commons/commons-lang3/3.12.0/commons-lang3-3.12.0.jar:/Users/wukui/.m2/repository/commons-codec/commons-codec/1.15/commons-codec-1.15.jar:/Users/wukui/.m2/repository/org/xerial/snappy/snappy-java/1.1.10.5/snappy-java-1.1.10.5.jar:/Users/wukui/.m2/repository/net/logstash/logback/logstash-logback-encoder/7.2/logstash-logback-encoder-7.2.jar:/Users/wukui/.m2/repository/io/micrometer/micrometer-registry-prometheus/1.9.16/micrometer-registry-prometheus-1.9.16.jar:/Users/wukui/.m2/repository/io/prometheus/simpleclient_common/0.15.0/simpleclient_common-0.15.0.jar:/Users/wukui/.m2/repository/io/prometheus/simpleclient/0.15.0/simpleclient-0.15.0.jar:/Users/wukui/.m2/repository/io/prometheus/simpleclient_tracer_otel/0.15.0/simpleclient_tracer_otel-0.15.0.jar:/Users/wukui/.m2/repository/io/prometheus/simpleclient_tracer_common/0.15.0/simpleclient_tracer_common-0.15.0.jar:/Users/wukui/.m2/repository/io/prometheus/simpleclient_tracer_otel_agent/0.15.0/simpleclient_tracer_otel_agent-0.15.0.jar:/Users/wukui/.m2/repository/org/springframework/boot/spring-boot-starter-test/2.7.17/spring-boot-starter-test-2.7.17.jar:/Users/wukui/.m2/repository/org/springframework/boot/spring-boot-test/2.7.17/spring-boot-test-2.7.17.jar:/Users/wukui/.m2/repository/org/springframework/boot/spring-boot-test-autoconfigure/2.7.17/spring-boot-test-autoconfigure-2.7.17.jar:/Users/wukui/.m2/repository/com/jayway/jsonpath/json-path/2.7.0/json-path-2.7.0.jar:/Users/wukui/.m2/repository/net/minidev/json-smart/2.4.11/json-smart-2.4.11.jar:/Users/wukui/.m2/repository/net/minidev/accessors-smart/2.4.11/accessors-smart-2.4.11.jar:/Users/wukui/.m2/repository/org/ow2/asm/asm/9.3/asm-9.3.jar:/Users/wukui/.m2/repository/org/slf4j/slf4j-api/1.7.36/slf4j-api-1.7.36.jar:/Users/wukui/.m2/repository/jakarta/xml/bind/jakarta.xml.bind-api/2.3.3/jakarta.xml.bind-api-2.3.3.jar:/Users/wukui/.m2/repository/jakarta/activation/jakarta.activation-api/1.2.2/jakarta.activation-api-1.2.2.jar:/Users/wukui/.m2/repository/org/assertj/assertj-core/3.22.0/assertj-core-3.22.0.jar:/Users/wukui/.m2/repository/org/hamcrest/hamcrest/2.2/hamcrest-2.2.jar:/Users/wukui/.m2/repository/org/mockito/mockito-junit-jupiter/4.5.1/mockito-junit-jupiter-4.5.1.jar:/Users/wukui/.m2/repository/org/skyscreamer/jsonassert/1.5.1/jsonassert-1.5.1.jar:/Users/wukui/.m2/repository/com/vaadin/external/google/android-json/0.0.20131108.vaadin1/android-json-0.0.20131108.vaadin1.jar:/Users/wukui/.m2/repository/org/springframework/spring-core/5.3.30/spring-core-5.3.30.jar:/Users/wukui/.m2/repository/org/springframework/spring-jcl/5.3.30/spring-jcl-5.3.30.jar:/Users/wukui/.m2/repository/org/springframework/spring-test/5.3.30/spring-test-5.3.30.jar:/Users/wukui/.m2/repository/org/xmlunit/xmlunit-core/2.9.1/xmlunit-core-2.9.1.jar:/Users/wukui/.m2/repository/org/junit/jupiter/junit-jupiter/5.8.2/junit-jupiter-5.8.2.jar:/Users/wukui/.m2/repository/org/junit/jupiter/junit-jupiter-api/5.8.2/junit-jupiter-api-5.8.2.jar:/Users/wukui/.m2/repository/org/opentest4j/opentest4j/1.2.0/opentest4j-1.2.0.jar:/Users/wukui/.m2/repository/org/junit/platform/junit-platform-commons/1.8.2/junit-platform-commons-1.8.2.jar:/Users/wukui/.m2/repository/org/apiguardian/apiguardian-api/1.1.2/apiguardian-api-1.1.2.jar:/Users/wukui/.m2/repository/org/junit/jupiter/junit-jupiter-params/5.8.2/junit-jupiter-params-5.8.2.jar:/Users/wukui/.m2/repository/org/junit/jupiter/junit-jupiter-engine/5.8.2/junit-jupiter-engine-5.8.2.jar:/Users/wukui/.m2/repository/org/junit/platform/junit-platform-engine/1.8.2/junit-platform-engine-1.8.2.jar:/Users/wukui/.m2/repository/org/mockito/mockito-core/4.5.1/mockito-core-4.5.1.jar:/Users/wukui/.m2/repository/net/bytebuddy/byte-buddy/1.12.23/byte-buddy-1.12.23.jar:/Users/wukui/.m2/repository/net/bytebuddy/byte-buddy-agent/1.12.23/byte-buddy-agent-1.12.23.jar:/Users/wukui/.m2/repository/org/objenesis/objenesis/3.2/objenesis-3.2.jar:"/>
    <property name="sun.cpu.endian" value="little"/>
    <property name="user.home" value="/Users/wukui"/>
    <property name="user.language" value="zh"/>
    <property name="java.specification.vendor" value="Oracle Corporation"/>
    <property name="java.version.date" value="2025-07-15"/>
    <property name="java.home" value="/Library/Java/JavaVirtualMachines/jdk-21.jdk/Contents/Home"/>
    <property name="file.separator" value="/"/>
    <property name="basedir" value="/Users/wukui/IdeaProjects/AIArchitect001/nexus/file-service"/>
    <property name="style.color" value="always"/>
    <property name="java.vm.compressedOopsMode" value="Zero based"/>
    <property name="line.separator" value="&#10;"/>
    <property name="java.vm.specification.vendor" value="Oracle Corporation"/>
    <property name="java.specification.name" value="Java Platform API Specification"/>
    <property name="apple.awt.application.name" value="ForkedBooter"/>
    <property name="surefire.real.class.path" value="/Users/wukui/IdeaProjects/AIArchitect001/nexus/file-service/target/surefire/surefirebooter-20251024110547099_7.jar"/>
    <property name="user.script" value="Hans"/>
    <property name="sun.management.compiler" value="HotSpot 64-Bit Tiered Compilers"/>
    <property name="ftp.nonProxyHosts" value="local|*.local|169.254/16|*.169.254/16"/>
    <property name="java.runtime.version" value="21.0.8+12-LTS-250"/>
    <property name="user.name" value="wukui"/>
    <property name="stdout.encoding" value="UTF-8"/>
    <property name="path.separator" value=":"/>
    <property name="os.version" value="15.7.1"/>
    <property name="java.runtime.name" value="Java(TM) SE Runtime Environment"/>
    <property name="file.encoding" value="UTF-8"/>
    <property name="java.vm.name" value="Java HotSpot(TM) 64-Bit Server VM"/>
    <property name="maven.ext.class.path" value="/Applications/IntelliJ IDEA.app/Contents/plugins/maven/lib/maven-event-listener.jar"/>
    <property name="localRepository" value="/Users/wukui/.m2/repository"/>
    <property name="java.vendor.url.bug" value="https://bugreport.java.com/bugreport/"/>
    <property name="java.io.tmpdir" value="/var/folders/l1/2f4tc8j55p1gyg778fcd2qhm0000gn/T/"/>
    <property name="idea.version" value="2025.2.1"/>
    <property name="java.version" value="21.0.8"/>
    <property name="user.dir" value="/Users/wukui/IdeaProjects/AIArchitect001/nexus/file-service"/>
    <property name="os.arch" value="x86_64"/>
    <property name="jansi.passthrough" value="true"/>
    <property name="java.vm.specification.name" value="Java Virtual Machine Specification"/>
    <property name="native.encoding" value="UTF-8"/>
    <property name="java.library.path" value="/Users/wukui/Library/Java/Extensions:/Library/Java/Extensions:/Network/Library/Java/Extensions:/System/Library/Java/Extensions:/usr/lib/java:."/>
    <property name="java.vm.info" value="mixed mode, sharing"/>
    <property name="stderr.encoding" value="UTF-8"/>
    <property name="java.vendor" value="Oracle Corporation"/>
    <property name="java.vm.version" value="21.0.8+12-LTS-250"/>
    <property name="sun.io.unicode.encoding" value="UnicodeBig"/>
    <property name="maven.repo.local" value="/Users/wukui/.m2/repository"/>
    <property name="socksNonProxyHosts" value="local|*.local|169.254/16|*.169.254/16"/>
    <property name="java.class.version" value="65.0"/>
  </properties>
  <testcase name="testGetCDNBaseUrl_ValidConfig" classname="com.nexus.file.util.CDNUtilTest" time="0.502">
    <system-out><![CDATA[11:05:48.297 [main] DEBUG com.nexus.file.util.CDNUtil - CDN配置验证结果: true
11:05:48.307 [main] DEBUG com.nexus.file.util.CDNUtil - 获取CDN基础URL: https://cdn.example.com
]]></system-out>
  </testcase>
  <testcase name="testIsCDNConfigValid_ValidConfig" classname="com.nexus.file.util.CDNUtilTest" time="0.003">
    <system-out><![CDATA[11:05:48.321 [main] DEBUG com.nexus.file.util.CDNUtil - CDN配置验证结果: true
]]></system-out>
  </testcase>
  <testcase name="testBuildCDNUrl_WithCDNDisabled" classname="com.nexus.file.util.CDNUtilTest" time="0.003">
    <system-out><![CDATA[11:05:48.325 [main] DEBUG com.nexus.file.util.CDNUtil - CDN未启用
]]></system-out>
  </testcase>
  <testcase name="testIsCDNConfigValid_InvalidConfig" classname="com.nexus.file.util.CDNUtilTest" time="0.003">
    <system-out><![CDATA[11:05:48.330 [main] DEBUG com.nexus.file.util.CDNUtil - CDN配置验证结果: false
]]></system-out>
  </testcase>
  <testcase name="testBuildCDNUrl_WithSpecialCharactersInFileName" classname="com.nexus.file.util.CDNUtilTest" time="0.007">
    <system-out><![CDATA[11:05:48.338 [main] DEBUG com.nexus.file.util.CDNUtil - 构建CDN URL: https://cdn.example.com/test-bucket/test%20file%20with%20spaces.jpg
]]></system-out>
  </testcase>
  <testcase name="testBuildCDNUrl_WithEmptyDomain" classname="com.nexus.file.util.CDNUtilTest" time="0.005">
    <system-out><![CDATA[11:05:48.344 [main] WARN com.nexus.file.util.CDNUtil - CDN域名未配置
]]></system-out>
  </testcase>
  <testcase name="testGetCDNBaseUrl_InvalidConfig" classname="com.nexus.file.util.CDNUtilTest" time="0.003">
    <system-out><![CDATA[11:05:48.347 [main] DEBUG com.nexus.file.util.CDNUtil - CDN配置验证结果: false
11:05:48.347 [main] DEBUG com.nexus.file.util.CDNUtil - CDN配置无效，无法获取基础URL
]]></system-out>
  </testcase>
  <testcase name="testBuildCDNUrl_WithValidConfig" classname="com.nexus.file.util.CDNUtilTest" time="0.003">
    <system-out><![CDATA[11:05:48.352 [main] DEBUG com.nexus.file.util.CDNUtil - 构建CDN URL: https://cdn.example.com/test-bucket/test-file.jpg
]]></system-out>
  </testcase>
</testsuite>